<?xml version="1.0" encoding="UTF-8"?>
<testng-results ignored="0" total="1" passed="1" failed="0" skipped="0">
  <reporter-output>
  </reporter-output>
  <suite started-at="2023-09-29T00:04:53 CDT" name="INetBankingV1" finished-at="2023-09-29T00:04:59 CDT" duration-ms="5666">
    <groups>
    </groups>
    <test started-at="2023-09-29T00:04:53 CDT" name="BankingApp Test" finished-at="2023-09-29T00:04:59 CDT" duration-ms="5666">
      <class name="com.inetbanking.testCases.TC_LoginTest_001">
        <test-method is-config="true" signature="setUp(java.lang.String)[pri:0, instance:com.inetbanking.testCases.TC_LoginTest_001@6069db50]" started-at="2023-09-29T00:04:53 CDT" name="setUp" finished-at="2023-09-29T00:04:58 CDT" duration-ms="4275" status="PASS">
          <params>
            <param index="0">
              <value>
                <![CDATA[chrome]]>
              </value>
            </param>
          </params>
          <reporter-output>
          </reporter-output>
        </test-method> <!-- setUp -->
        <test-method signature="loginTest()[pri:0, instance:com.inetbanking.testCases.TC_LoginTest_001@6069db50]" started-at="2023-09-29T00:04:58 CDT" name="loginTest" finished-at="2023-09-29T00:04:59 CDT" duration-ms="938" status="PASS">
          <reporter-output>
          </reporter-output>
        </test-method> <!-- loginTest -->
        <test-method is-config="true" signature="tearDown()[pri:0, instance:com.inetbanking.testCases.TC_LoginTest_001@6069db50]" started-at="2023-09-29T00:04:59 CDT" name="tearDown" finished-at="2023-09-29T00:04:59 CDT" duration-ms="181" status="PASS">
          <reporter-output>
          </reporter-output>
        </test-method> <!-- tearDown -->
      </class> <!-- com.inetbanking.testCases.TC_LoginTest_001 -->
    </test> <!-- BankingApp Test -->
  </suite> <!-- INetBankingV1 -->
</testng-results>
